<?xml version="1.0" encoding="UTF-8"?>
<!-- Generated by org.testng.reporters.JUnitReportReporter -->
<testsuite hostname="LAPTOP-A3FPIVKK" failures="0" tests="3" name="govindqalab.tests.SubmitOrderTest" time="36.277" errors="0" timestamp="2023-08-14T13:51:22 IST" skipped="0">
  <testcase classname="govindqalab.tests.SubmitOrderTest" name="submitOrder" time="12.549"/>
  <system-out/>
  <testcase classname="govindqalab.tests.SubmitOrderTest" name="OrderHistoryTest" time="7.118"/>
  <system-out/>
  <testcase classname="govindqalab.tests.SubmitOrderTest" name="submitOrder" time="16.610"/>
  <system-out/>
</testsuite> <!-- govindqalab.tests.SubmitOrderTest -->
