<?xml version="1.0" encoding="UTF-8"?>
<!-- Generated by org.testng.reporters.JUnitReportReporter -->
<testsuite hostname="LAPTOP-A3FPIVKK" failures="0" tests="2" name="govindqalab.tests.FilterProducts" time="10.864" errors="0" timestamp="2023-08-14T13:51:22 IST" skipped="0">
  <testcase classname="govindqalab.tests.FilterProducts" name="SearchProductCatalouge" time="5.433"/>
  <system-out/>
  <testcase classname="govindqalab.tests.FilterProducts" name="SearchProductCatalouge" time="5.431"/>
  <system-out/>
</testsuite> <!-- govindqalab.tests.FilterProducts -->
