<?xml version="1.0" encoding="UTF-8"?>
<!-- Generated by org.testng.reporters.JUnitReportReporter -->
<testsuite hostname="LAPTOP-A3FPIVKK" failures="0" tests="2" name="govindqalab.tests.ErrorValidationsTest" time="15.800" errors="0" timestamp="2023-08-14T13:51:22 IST" skipped="0">
  <testcase classname="govindqalab.tests.ErrorValidationsTest" name="LoginErrorValidation" time="4.620"/>
  <system-out/>
  <testcase classname="govindqalab.tests.ErrorValidationsTest" name="ProductErrorValidation" time="11.180"/>
  <system-out/>
</testsuite> <!-- govindqalab.tests.ErrorValidationsTest -->
