<?xml version="1.0" encoding="UTF-8"?>
<!-- Generated by org.testng.reporters.JUnitReportReporter -->
<testsuite hostname="LAPTOP-A3FPIVKK" failures="0" tests="3" name="govindqalab.tests.SubmitOrderTest2NotOptimized" time="32.712" errors="0" timestamp="2023-08-12T13:20:48 IST" skipped="0">
  <testcase classname="govindqalab.tests.SubmitOrderTest2NotOptimized" name="submitOrder" time="14.577"/>
  <system-out/>
  <testcase classname="govindqalab.tests.SubmitOrderTest2NotOptimized" name="submitOrder" time="13.212"/>
  <system-out/>
  <testcase classname="govindqalab.tests.SubmitOrderTest2NotOptimized" name="OrderHistoryTest" time="4.923"/>
  <system-out/>
</testsuite> <!-- govindqalab.tests.SubmitOrderTest2NotOptimized -->
