<?xml version="1.0" encoding="UTF-8"?>
<!-- Generated by org.testng.reporters.JUnitReportReporter -->
<testsuite hostname="LAPTOP-A3FPIVKK" failures="0" tests="2" name="govindqalab.tests.SearchProduct" time="12.445" errors="0" timestamp="2023-08-14T13:51:22 IST" skipped="0">
  <testcase classname="govindqalab.tests.SearchProduct" name="SearchProductCatalouge" time="6.654"/>
  <system-out/>
  <testcase classname="govindqalab.tests.SearchProduct" name="SearchProductCatalouge" time="5.791"/>
  <system-out/>
</testsuite> <!-- govindqalab.tests.SearchProduct -->
