<?xml version="1.0" encoding="UTF-8"?>
<!-- Generated by org.testng.reporters.JUnitReportReporter -->
<testsuite hostname="LAPTOP-A3FPIVKK" failures="0" tests="3" name="govindqalab.tests.SubmitOrderTest" time="29.318" errors="0" timestamp="2023-08-14T14:45:23 IST" skipped="0">
  <testcase classname="govindqalab.tests.SubmitOrderTest" name="submitOrder" time="12.146"/>
  <system-out/>
  <testcase classname="govindqalab.tests.SubmitOrderTest" name="OrderHistoryTest" time="5.028"/>
  <system-out/>
  <testcase classname="govindqalab.tests.SubmitOrderTest" name="submitOrder" time="12.144"/>
  <system-out/>
</testsuite> <!-- govindqalab.tests.SubmitOrderTest -->
