<?xml version="1.0" encoding="UTF-8"?>
<!-- Generated by org.testng.reporters.JUnitReportReporter -->
<testsuite hostname="LAPTOP-A3FPIVKK" failures="0" tests="2" name="govindqalab.tests.ErrorValidationsTest" time="19.365" errors="0" timestamp="2023-08-14T14:45:23 IST" skipped="0">
  <testcase classname="govindqalab.tests.ErrorValidationsTest" name="ProductErrorValidation" time="12.934"/>
  <system-out/>
  <testcase classname="govindqalab.tests.ErrorValidationsTest" name="LoginErrorValidation" time="6.431"/>
  <system-out/>
</testsuite> <!-- govindqalab.tests.ErrorValidationsTest -->
